
simple_archive: system execution failed.
Following is the set of recorded exceptions:

******************************** Thread exception *****************************
In thread           Root thread            0x0 (thread id)
*******************************************************************************
-------------------------------------------------------------------------------
Class / Object      Routine                Nature of exception           Effect
-------------------------------------------------------------------------------
ISE_EXCEPTION_MANAGER
                    developer_raise        no error:
<00000200A8F47CA8>                         Developer exception.          Fail
-------------------------------------------------------------------------------
ISE_EXCEPTION_MANAGER
                    developer_raise        
<00000200A8F47CA8>                         Routine failure.              Fail
-------------------------------------------------------------------------------
ISE_EXCEPTION_MANAGER
                    raise @11              
<00000200A8F47CA8>                         Routine failure.              Fail
-------------------------------------------------------------------------------
DEVELOPER_EXCEPTION raise @2                                            
<00000200A8F47BF8>  (From EXCEPTION)       Routine failure.              Fail
-------------------------------------------------------------------------------
ARCHIVE_TEST_APP    assert @7                                           
<00000200A8F0C588>  (From EQA_ASSERTIONS)  Routine failure.              Fail
-------------------------------------------------------------------------------
ARCHIVE_TEST_APP    assert_true @2                                      
<00000200A8F0C588>  (From TEST_SET_BASE)   Routine failure.              Fail
-------------------------------------------------------------------------------
ARCHIVE_TEST_APP    test_extract_archive @8
<00000200A8F0C588>                         Routine failure.              Fail
-------------------------------------------------------------------------------
ARCHIVE_TEST_APP    make @5                                             
<00000200A8F0C588>                         Routine failure.              Fail
-------------------------------------------------------------------------------
ARCHIVE_TEST_APP    root's creation                                     
<00000200A8F0C588>                         Routine failure.              Exit
-------------------------------------------------------------------------------

simple_archive: system execution failed.
Following is the set of recorded exceptions:

******************************** Thread exception *****************************
In thread           Root thread            0x0 (thread id)
*******************************************************************************
-------------------------------------------------------------------------------
Class / Object      Routine                Nature of exception           Effect
-------------------------------------------------------------------------------
ISE_EXCEPTION_MANAGER
                    developer_raise        contains test file:
<000001D290655AB8>                         Developer exception.          Fail
-------------------------------------------------------------------------------
ISE_EXCEPTION_MANAGER
                    developer_raise        
<000001D290655AB8>                         Routine failure.              Fail
-------------------------------------------------------------------------------
ISE_EXCEPTION_MANAGER
                    raise @11              
<000001D290655AB8>                         Routine failure.              Fail
-------------------------------------------------------------------------------
DEVELOPER_EXCEPTION raise @2                                            
<000001D290655A08>  (From EXCEPTION)       Routine failure.              Fail
-------------------------------------------------------------------------------
ARCHIVE_TEST_APP    assert @7                                           
<000001D2906015E8>  (From EQA_ASSERTIONS)  Routine failure.              Fail
-------------------------------------------------------------------------------
ARCHIVE_TEST_APP    assert_true @2                                      
<000001D2906015E8>  (From TEST_SET_BASE)   Routine failure.              Fail
-------------------------------------------------------------------------------
ARCHIVE_TEST_APP    test_archive_contains @4
<000001D2906015E8>                         Routine failure.              Fail
-------------------------------------------------------------------------------
ARCHIVE_TEST_APP    make @6                                             
<000001D2906015E8>                         Routine failure.              Fail
-------------------------------------------------------------------------------
ARCHIVE_TEST_APP    root's creation                                     
<000001D2906015E8>                         Routine failure.              Exit
-------------------------------------------------------------------------------

simple_archive: system execution failed.
Following is the set of recorded exceptions:

******************************** Thread exception *****************************
In thread           Root thread            0x0 (thread id)
*******************************************************************************
-------------------------------------------------------------------------------
Class / Object      Routine                Nature of exception           Effect
-------------------------------------------------------------------------------
ISE_EXCEPTION_MANAGER
                    developer_raise        contains test file:
<000001A2F0CD5968>                         Developer exception.          Fail
-------------------------------------------------------------------------------
ISE_EXCEPTION_MANAGER
                    developer_raise        
<000001A2F0CD5968>                         Routine failure.              Fail
-------------------------------------------------------------------------------
ISE_EXCEPTION_MANAGER
                    raise @11              
<000001A2F0CD5968>                         Routine failure.              Fail
-------------------------------------------------------------------------------
DEVELOPER_EXCEPTION raise @2                                            
<000001A2F0CD58B8>  (From EXCEPTION)       Routine failure.              Fail
-------------------------------------------------------------------------------
ARCHIVE_TEST_APP    assert @7                                           
<000001A2F0C6C5E8>  (From EQA_ASSERTIONS)  Routine failure.              Fail
-------------------------------------------------------------------------------
ARCHIVE_TEST_APP    assert_true @2                                      
<000001A2F0C6C5E8>  (From TEST_SET_BASE)   Routine failure.              Fail
-------------------------------------------------------------------------------
ARCHIVE_TEST_APP    test_archive_contains @9
<000001A2F0C6C5E8>                         Routine failure.              Fail
-------------------------------------------------------------------------------
ARCHIVE_TEST_APP    make @6                                             
<000001A2F0C6C5E8>                         Routine failure.              Fail
-------------------------------------------------------------------------------
ARCHIVE_TEST_APP    root's creation                                     
<000001A2F0C6C5E8>                         Routine failure.              Exit
-------------------------------------------------------------------------------
